[INFO][main][2016-12-25 23:29:18][org.springframework.test.context.support.AbstractTestContextBootstrapper] - Neither @ContextConfiguration nor @ContextHierarchy found for test class [ssm.test.UserTest]
[INFO][main][2016-12-25 23:29:18][org.springframework.test.context.support.AbstractTestContextBootstrapper] - Loaded default TestExecutionListener class names from location [META-INF/spring.factories]: [org.springframework.test.context.web.ServletTestExecutionListener, org.springframework.test.context.support.DirtiesContextBeforeModesTestExecutionListener, org.springframework.test.context.support.DependencyInjectionTestExecutionListener, org.springframework.test.context.support.DirtiesContextTestExecutionListener, org.springframework.test.context.transaction.TransactionalTestExecutionListener, org.springframework.test.context.jdbc.SqlScriptsTestExecutionListener]
[INFO][main][2016-12-25 23:29:18][org.springframework.test.context.support.AbstractTestContextBootstrapper] - Using TestExecutionListeners: [org.springframework.test.context.web.ServletTestExecutionListener@28bf1775, org.springframework.test.context.support.DirtiesContextBeforeModesTestExecutionListener@199d1739, org.springframework.test.context.support.DependencyInjectionTestExecutionListener@185fac52, org.springframework.test.context.support.DirtiesContextTestExecutionListener@312a47fe, org.springframework.test.context.transaction.TransactionalTestExecutionListener@4edc8de9, org.springframework.test.context.jdbc.SqlScriptsTestExecutionListener@71e8e471]
[ERROR][main][2016-12-25 23:29:18][org.springframework.test.context.TestContextManager] - Caught exception while allowing TestExecutionListener [org.springframework.test.context.support.DependencyInjectionTestExecutionListener@185fac52] to prepare test instance [ssm.test.UserTest@7b8269b6]
java.lang.IllegalStateException: Failed to load ApplicationContext
	at org.springframework.test.context.cache.DefaultCacheAwareContextLoaderDelegate.loadContext(DefaultCacheAwareContextLoaderDelegate.java:124)
	at org.springframework.test.context.support.DefaultTestContext.getApplicationContext(DefaultTestContext.java:83)
	at org.springframework.test.context.support.DependencyInjectionTestExecutionListener.injectDependencies(DependencyInjectionTestExecutionListener.java:117)
	at org.springframework.test.context.support.DependencyInjectionTestExecutionListener.prepareTestInstance(DependencyInjectionTestExecutionListener.java:83)
	at org.springframework.test.context.TestContextManager.prepareTestInstance(TestContextManager.java:228)
	at org.springframework.test.context.junit4.SpringJUnit4ClassRunner.createTest(SpringJUnit4ClassRunner.java:230)
	at org.springframework.test.context.junit4.SpringJUnit4ClassRunner$1.runReflectiveCall(SpringJUnit4ClassRunner.java:289)
	at org.junit.internal.runners.model.ReflectiveCallable.run(ReflectiveCallable.java:12)
	at org.springframework.test.context.junit4.SpringJUnit4ClassRunner.methodBlock(SpringJUnit4ClassRunner.java:291)
	at org.springframework.test.context.junit4.SpringJUnit4ClassRunner.runChild(SpringJUnit4ClassRunner.java:249)
	at org.springframework.test.context.junit4.SpringJUnit4ClassRunner.runChild(SpringJUnit4ClassRunner.java:89)
	at org.junit.runners.ParentRunner$3.run(ParentRunner.java:290)
	at org.junit.runners.ParentRunner$1.schedule(ParentRunner.java:71)
	at org.junit.runners.ParentRunner.runChildren(ParentRunner.java:288)
	at org.junit.runners.ParentRunner.access$000(ParentRunner.java:58)
	at org.junit.runners.ParentRunner$2.evaluate(ParentRunner.java:268)
	at org.springframework.test.context.junit4.statements.RunBeforeTestClassCallbacks.evaluate(RunBeforeTestClassCallbacks.java:61)
	at org.springframework.test.context.junit4.statements.RunAfterTestClassCallbacks.evaluate(RunAfterTestClassCallbacks.java:70)
	at org.junit.runners.ParentRunner.run(ParentRunner.java:363)
	at org.springframework.test.context.junit4.SpringJUnit4ClassRunner.run(SpringJUnit4ClassRunner.java:193)
	at org.junit.runner.JUnitCore.run(JUnitCore.java:137)
	at com.intellij.junit4.JUnit4IdeaTestRunner.startRunnerWithArgs(JUnit4IdeaTestRunner.java:117)
	at com.intellij.junit4.JUnit4IdeaTestRunner.startRunnerWithArgs(JUnit4IdeaTestRunner.java:42)
	at com.intellij.rt.execution.junit.JUnitStarter.prepareStreamsAndStart(JUnitStarter.java:262)
	at com.intellij.rt.execution.junit.JUnitStarter.main(JUnitStarter.java:84)
	at sun.reflect.NativeMethodAccessorImpl.invoke0(Native Method)
	at sun.reflect.NativeMethodAccessorImpl.invoke(NativeMethodAccessorImpl.java:57)
	at sun.reflect.DelegatingMethodAccessorImpl.invoke(DelegatingMethodAccessorImpl.java:43)
	at java.lang.reflect.Method.invoke(Method.java:606)
	at com.intellij.rt.execution.application.AppMain.main(AppMain.java:147)
Caused by: java.lang.IllegalArgumentException: Cannot load an ApplicationContext with a NULL 'contextLoader'. Consider annotating your test class with @ContextConfiguration or @ContextHierarchy.
	at org.springframework.util.Assert.notNull(Assert.java:115)
	at org.springframework.test.context.cache.DefaultCacheAwareContextLoaderDelegate.loadContextInternal(DefaultCacheAwareContextLoaderDelegate.java:91)
	at org.springframework.test.context.cache.DefaultCacheAwareContextLoaderDelegate.loadContext(DefaultCacheAwareContextLoaderDelegate.java:116)
	... 29 more
[INFO][main][2016-12-25 23:32:13][org.springframework.test.context.support.AbstractTestContextBootstrapper] - Neither @ContextConfiguration nor @ContextHierarchy found for test class [ssm.test.UserTest]
[INFO][main][2016-12-25 23:32:13][org.springframework.test.context.support.AbstractTestContextBootstrapper] - Loaded default TestExecutionListener class names from location [META-INF/spring.factories]: [org.springframework.test.context.web.ServletTestExecutionListener, org.springframework.test.context.support.DirtiesContextBeforeModesTestExecutionListener, org.springframework.test.context.support.DependencyInjectionTestExecutionListener, org.springframework.test.context.support.DirtiesContextTestExecutionListener, org.springframework.test.context.transaction.TransactionalTestExecutionListener, org.springframework.test.context.jdbc.SqlScriptsTestExecutionListener]
[INFO][main][2016-12-25 23:32:13][org.springframework.test.context.support.AbstractTestContextBootstrapper] - Using TestExecutionListeners: [org.springframework.test.context.web.ServletTestExecutionListener@78e000bb, org.springframework.test.context.support.DirtiesContextBeforeModesTestExecutionListener@3a5032fc, org.springframework.test.context.support.DependencyInjectionTestExecutionListener@67435c4c, org.springframework.test.context.support.DirtiesContextTestExecutionListener@7760b68a, org.springframework.test.context.transaction.TransactionalTestExecutionListener@6e705b40, org.springframework.test.context.jdbc.SqlScriptsTestExecutionListener@1276ff65]
[ERROR][main][2016-12-25 23:32:13][org.springframework.test.context.TestContextManager] - Caught exception while allowing TestExecutionListener [org.springframework.test.context.support.DependencyInjectionTestExecutionListener@67435c4c] to prepare test instance [ssm.test.UserTest@6c7a0a57]
java.lang.IllegalStateException: Failed to load ApplicationContext
	at org.springframework.test.context.cache.DefaultCacheAwareContextLoaderDelegate.loadContext(DefaultCacheAwareContextLoaderDelegate.java:124)
	at org.springframework.test.context.support.DefaultTestContext.getApplicationContext(DefaultTestContext.java:83)
	at org.springframework.test.context.support.DependencyInjectionTestExecutionListener.injectDependencies(DependencyInjectionTestExecutionListener.java:117)
	at org.springframework.test.context.support.DependencyInjectionTestExecutionListener.prepareTestInstance(DependencyInjectionTestExecutionListener.java:83)
	at org.springframework.test.context.TestContextManager.prepareTestInstance(TestContextManager.java:228)
	at org.springframework.test.context.junit4.SpringJUnit4ClassRunner.createTest(SpringJUnit4ClassRunner.java:230)
	at org.springframework.test.context.junit4.SpringJUnit4ClassRunner$1.runReflectiveCall(SpringJUnit4ClassRunner.java:289)
	at org.junit.internal.runners.model.ReflectiveCallable.run(ReflectiveCallable.java:12)
	at org.springframework.test.context.junit4.SpringJUnit4ClassRunner.methodBlock(SpringJUnit4ClassRunner.java:291)
	at org.springframework.test.context.junit4.SpringJUnit4ClassRunner.runChild(SpringJUnit4ClassRunner.java:249)
	at org.springframework.test.context.junit4.SpringJUnit4ClassRunner.runChild(SpringJUnit4ClassRunner.java:89)
	at org.junit.runners.ParentRunner$3.run(ParentRunner.java:290)
	at org.junit.runners.ParentRunner$1.schedule(ParentRunner.java:71)
	at org.junit.runners.ParentRunner.runChildren(ParentRunner.java:288)
	at org.junit.runners.ParentRunner.access$000(ParentRunner.java:58)
	at org.junit.runners.ParentRunner$2.evaluate(ParentRunner.java:268)
	at org.springframework.test.context.junit4.statements.RunBeforeTestClassCallbacks.evaluate(RunBeforeTestClassCallbacks.java:61)
	at org.springframework.test.context.junit4.statements.RunAfterTestClassCallbacks.evaluate(RunAfterTestClassCallbacks.java:70)
	at org.junit.runners.ParentRunner.run(ParentRunner.java:363)
	at org.springframework.test.context.junit4.SpringJUnit4ClassRunner.run(SpringJUnit4ClassRunner.java:193)
	at org.junit.runner.JUnitCore.run(JUnitCore.java:137)
	at com.intellij.junit4.JUnit4IdeaTestRunner.startRunnerWithArgs(JUnit4IdeaTestRunner.java:117)
	at com.intellij.junit4.JUnit4IdeaTestRunner.startRunnerWithArgs(JUnit4IdeaTestRunner.java:42)
	at com.intellij.rt.execution.junit.JUnitStarter.prepareStreamsAndStart(JUnitStarter.java:262)
	at com.intellij.rt.execution.junit.JUnitStarter.main(JUnitStarter.java:84)
	at sun.reflect.NativeMethodAccessorImpl.invoke0(Native Method)
	at sun.reflect.NativeMethodAccessorImpl.invoke(NativeMethodAccessorImpl.java:57)
	at sun.reflect.DelegatingMethodAccessorImpl.invoke(DelegatingMethodAccessorImpl.java:43)
	at java.lang.reflect.Method.invoke(Method.java:606)
	at com.intellij.rt.execution.application.AppMain.main(AppMain.java:147)
Caused by: java.lang.IllegalArgumentException: Cannot load an ApplicationContext with a NULL 'contextLoader'. Consider annotating your test class with @ContextConfiguration or @ContextHierarchy.
	at org.springframework.util.Assert.notNull(Assert.java:115)
	at org.springframework.test.context.cache.DefaultCacheAwareContextLoaderDelegate.loadContextInternal(DefaultCacheAwareContextLoaderDelegate.java:91)
	at org.springframework.test.context.cache.DefaultCacheAwareContextLoaderDelegate.loadContext(DefaultCacheAwareContextLoaderDelegate.java:116)
	... 29 more
[INFO][main][2016-12-25 23:32:51][org.springframework.test.context.support.AbstractContextLoader] - Could not detect default resource locations for test class [ssm.test.UserTest]: no resource found for suffixes {-context.xml}.
[INFO][main][2016-12-25 23:32:51][org.springframework.test.context.support.AnnotationConfigContextLoaderUtils] - Could not detect default configuration classes for test class [ssm.test.UserTest]: UserTest does not declare any static, non-private, non-final, nested classes annotated with @Configuration.
[INFO][main][2016-12-25 23:34:54][org.springframework.test.context.support.AbstractTestContextBootstrapper] - Loaded default TestExecutionListener class names from location [META-INF/spring.factories]: [org.springframework.test.context.web.ServletTestExecutionListener, org.springframework.test.context.support.DirtiesContextBeforeModesTestExecutionListener, org.springframework.test.context.support.DependencyInjectionTestExecutionListener, org.springframework.test.context.support.DirtiesContextTestExecutionListener, org.springframework.test.context.transaction.TransactionalTestExecutionListener, org.springframework.test.context.jdbc.SqlScriptsTestExecutionListener]
[INFO][main][2016-12-25 23:34:54][org.springframework.test.context.support.AbstractTestContextBootstrapper] - Using TestExecutionListeners: [org.springframework.test.context.web.ServletTestExecutionListener@7b8269b6, org.springframework.test.context.support.DirtiesContextBeforeModesTestExecutionListener@2eea6b13, org.springframework.test.context.support.DependencyInjectionTestExecutionListener@201bc475, org.springframework.test.context.support.DirtiesContextTestExecutionListener@7efeedca, org.springframework.test.context.transaction.TransactionalTestExecutionListener@12ada9e9, org.springframework.test.context.jdbc.SqlScriptsTestExecutionListener@476e0993]
[INFO][main][2016-12-25 23:34:55][org.springframework.beans.factory.xml.XmlBeanDefinitionReader] - Loading XML bean definitions from file [/Users/jacie/IdeaProjects/web-ssm/target/classes/spring-mvc.xml]
[INFO][main][2016-12-25 23:34:55][org.springframework.beans.factory.xml.XmlBeanDefinitionReader] - Loading XML bean definitions from file [/Users/jacie/IdeaProjects/web-ssm/target/classes/spring-mybatis.xml]
[INFO][main][2016-12-25 23:34:55][org.springframework.context.support.AbstractApplicationContext] - Refreshing org.springframework.context.support.GenericApplicationContext@52aeb38d: startup date [Sun Dec 25 23:34:55 CST 2016]; root of context hierarchy
[INFO][main][2016-12-25 23:34:55][org.springframework.core.io.support.PropertiesLoaderSupport] - Loading properties file from class path resource [jdbc.properties]
[INFO][main][2016-12-25 23:34:55][org.springframework.beans.factory.annotation.AutowiredAnnotationBeanPostProcessor] - JSR-330 'javax.inject.Inject' annotation found and supported for autowiring
[INFO][Thread-0][2016-12-25 23:34:56][org.springframework.context.support.AbstractApplicationContext] - Closing org.springframework.context.support.GenericApplicationContext@52aeb38d: startup date [Sun Dec 25 23:34:55 CST 2016]; root of context hierarchy
[INFO][main][2016-12-25 23:40:57][org.springframework.test.context.support.AbstractTestContextBootstrapper] - Loaded default TestExecutionListener class names from location [META-INF/spring.factories]: [org.springframework.test.context.web.ServletTestExecutionListener, org.springframework.test.context.support.DirtiesContextBeforeModesTestExecutionListener, org.springframework.test.context.support.DependencyInjectionTestExecutionListener, org.springframework.test.context.support.DirtiesContextTestExecutionListener, org.springframework.test.context.transaction.TransactionalTestExecutionListener, org.springframework.test.context.jdbc.SqlScriptsTestExecutionListener]
[INFO][main][2016-12-25 23:40:57][org.springframework.test.context.support.AbstractTestContextBootstrapper] - Using TestExecutionListeners: [org.springframework.test.context.web.ServletTestExecutionListener@1c6cdb70, org.springframework.test.context.support.DirtiesContextBeforeModesTestExecutionListener@2ebaa4a4, org.springframework.test.context.support.DependencyInjectionTestExecutionListener@5f8f22f3, org.springframework.test.context.support.DirtiesContextTestExecutionListener@2e3fb088, org.springframework.test.context.transaction.TransactionalTestExecutionListener@575ec870, org.springframework.test.context.jdbc.SqlScriptsTestExecutionListener@fb95de0]
[INFO][main][2016-12-25 23:40:57][org.springframework.beans.factory.xml.XmlBeanDefinitionReader] - Loading XML bean definitions from file [/Users/jacie/IdeaProjects/web-ssm/target/classes/spring-mvc.xml]
[INFO][main][2016-12-25 23:40:57][org.springframework.beans.factory.xml.XmlBeanDefinitionReader] - Loading XML bean definitions from file [/Users/jacie/IdeaProjects/web-ssm/target/classes/spring-mybatis.xml]
[INFO][main][2016-12-25 23:40:57][org.springframework.context.support.AbstractApplicationContext] - Refreshing org.springframework.context.support.GenericApplicationContext@d86b077: startup date [Sun Dec 25 23:40:57 CST 2016]; root of context hierarchy
[INFO][main][2016-12-25 23:40:58][org.springframework.core.io.support.PropertiesLoaderSupport] - Loading properties file from class path resource [jdbc.properties]
[INFO][main][2016-12-25 23:40:58][org.springframework.beans.factory.annotation.AutowiredAnnotationBeanPostProcessor] - JSR-330 'javax.inject.Inject' annotation found and supported for autowiring
[INFO][Thread-0][2016-12-25 23:41:18][org.springframework.context.support.AbstractApplicationContext] - Closing org.springframework.context.support.GenericApplicationContext@d86b077: startup date [Sun Dec 25 23:40:57 CST 2016]; root of context hierarchy
[INFO][main][2016-12-25 23:41:37][org.springframework.test.context.support.AbstractTestContextBootstrapper] - Loaded default TestExecutionListener class names from location [META-INF/spring.factories]: [org.springframework.test.context.web.ServletTestExecutionListener, org.springframework.test.context.support.DirtiesContextBeforeModesTestExecutionListener, org.springframework.test.context.support.DependencyInjectionTestExecutionListener, org.springframework.test.context.support.DirtiesContextTestExecutionListener, org.springframework.test.context.transaction.TransactionalTestExecutionListener, org.springframework.test.context.jdbc.SqlScriptsTestExecutionListener]
[INFO][main][2016-12-25 23:41:37][org.springframework.test.context.support.AbstractTestContextBootstrapper] - Using TestExecutionListeners: [org.springframework.test.context.web.ServletTestExecutionListener@2e3fb088, org.springframework.test.context.support.DirtiesContextBeforeModesTestExecutionListener@575ec870, org.springframework.test.context.support.DependencyInjectionTestExecutionListener@fb95de0, org.springframework.test.context.support.DirtiesContextTestExecutionListener@52c22530, org.springframework.test.context.transaction.TransactionalTestExecutionListener@48179cc2, org.springframework.test.context.jdbc.SqlScriptsTestExecutionListener@634a988]
[INFO][main][2016-12-25 23:41:37][org.springframework.beans.factory.xml.XmlBeanDefinitionReader] - Loading XML bean definitions from file [/Users/jacie/IdeaProjects/web-ssm/target/classes/spring-mvc.xml]
[INFO][main][2016-12-25 23:41:37][org.springframework.beans.factory.xml.XmlBeanDefinitionReader] - Loading XML bean definitions from file [/Users/jacie/IdeaProjects/web-ssm/target/classes/spring-mybatis.xml]
[INFO][main][2016-12-25 23:41:37][org.springframework.context.support.AbstractApplicationContext] - Refreshing org.springframework.context.support.GenericApplicationContext@4504f60c: startup date [Sun Dec 25 23:41:37 CST 2016]; root of context hierarchy
[INFO][main][2016-12-25 23:41:37][org.springframework.core.io.support.PropertiesLoaderSupport] - Loading properties file from class path resource [jdbc.properties]
[INFO][main][2016-12-25 23:41:37][org.springframework.beans.factory.annotation.AutowiredAnnotationBeanPostProcessor] - JSR-330 'javax.inject.Inject' annotation found and supported for autowiring
[INFO][Thread-0][2016-12-25 23:41:56][org.springframework.context.support.AbstractApplicationContext] - Closing org.springframework.context.support.GenericApplicationContext@4504f60c: startup date [Sun Dec 25 23:41:37 CST 2016]; root of context hierarchy
[INFO][main][2016-12-25 23:43:13][org.springframework.test.context.support.AbstractTestContextBootstrapper] - Loaded default TestExecutionListener class names from location [META-INF/spring.factories]: [org.springframework.test.context.web.ServletTestExecutionListener, org.springframework.test.context.support.DirtiesContextBeforeModesTestExecutionListener, org.springframework.test.context.support.DependencyInjectionTestExecutionListener, org.springframework.test.context.support.DirtiesContextTestExecutionListener, org.springframework.test.context.transaction.TransactionalTestExecutionListener, org.springframework.test.context.jdbc.SqlScriptsTestExecutionListener]
[INFO][main][2016-12-25 23:43:13][org.springframework.test.context.support.AbstractTestContextBootstrapper] - Using TestExecutionListeners: [org.springframework.test.context.web.ServletTestExecutionListener@5f8f22f3, org.springframework.test.context.support.DirtiesContextBeforeModesTestExecutionListener@2e3fb088, org.springframework.test.context.support.DependencyInjectionTestExecutionListener@575ec870, org.springframework.test.context.support.DirtiesContextTestExecutionListener@fb95de0, org.springframework.test.context.transaction.TransactionalTestExecutionListener@52c22530, org.springframework.test.context.jdbc.SqlScriptsTestExecutionListener@48179cc2]
[INFO][main][2016-12-25 23:43:14][org.springframework.beans.factory.xml.XmlBeanDefinitionReader] - Loading XML bean definitions from file [/Users/jacie/IdeaProjects/web-ssm/target/classes/spring-mvc.xml]
[INFO][main][2016-12-25 23:43:14][org.springframework.beans.factory.xml.XmlBeanDefinitionReader] - Loading XML bean definitions from file [/Users/jacie/IdeaProjects/web-ssm/target/classes/spring-mybatis.xml]
[INFO][main][2016-12-25 23:43:14][org.springframework.context.support.AbstractApplicationContext] - Refreshing org.springframework.context.support.GenericApplicationContext@35088f7f: startup date [Sun Dec 25 23:43:14 CST 2016]; root of context hierarchy
[INFO][main][2016-12-25 23:43:14][org.springframework.core.io.support.PropertiesLoaderSupport] - Loading properties file from class path resource [jdbc.properties]
[INFO][main][2016-12-25 23:43:14][org.springframework.beans.factory.annotation.AutowiredAnnotationBeanPostProcessor] - JSR-330 'javax.inject.Inject' annotation found and supported for autowiring
[INFO][Thread-0][2016-12-26 00:04:34][org.springframework.context.support.AbstractApplicationContext] - Closing org.springframework.context.support.GenericApplicationContext@35088f7f: startup date [Sun Dec 25 23:43:14 CST 2016]; root of context hierarchy
[INFO][main][2016-12-26 00:04:44][org.springframework.test.context.support.AbstractTestContextBootstrapper] - Loaded default TestExecutionListener class names from location [META-INF/spring.factories]: [org.springframework.test.context.web.ServletTestExecutionListener, org.springframework.test.context.support.DirtiesContextBeforeModesTestExecutionListener, org.springframework.test.context.support.DependencyInjectionTestExecutionListener, org.springframework.test.context.support.DirtiesContextTestExecutionListener, org.springframework.test.context.transaction.TransactionalTestExecutionListener, org.springframework.test.context.jdbc.SqlScriptsTestExecutionListener]
[INFO][main][2016-12-26 00:04:44][org.springframework.test.context.support.AbstractTestContextBootstrapper] - Using TestExecutionListeners: [org.springframework.test.context.web.ServletTestExecutionListener@52c22530, org.springframework.test.context.support.DirtiesContextBeforeModesTestExecutionListener@48179cc2, org.springframework.test.context.support.DependencyInjectionTestExecutionListener@634a988, org.springframework.test.context.support.DirtiesContextTestExecutionListener@6b6622e6, org.springframework.test.context.transaction.TransactionalTestExecutionListener@7e7d611f, org.springframework.test.context.jdbc.SqlScriptsTestExecutionListener@59737b19]
[INFO][main][2016-12-26 00:04:44][org.springframework.beans.factory.xml.XmlBeanDefinitionReader] - Loading XML bean definitions from file [/Users/jacie/IdeaProjects/web-ssm/target/classes/spring-mvc.xml]
[INFO][main][2016-12-26 00:04:44][org.springframework.beans.factory.xml.XmlBeanDefinitionReader] - Loading XML bean definitions from file [/Users/jacie/IdeaProjects/web-ssm/target/classes/spring-mybatis.xml]
[INFO][main][2016-12-26 00:04:44][org.springframework.context.support.AbstractApplicationContext] - Refreshing org.springframework.context.support.GenericApplicationContext@6d3f6300: startup date [Mon Dec 26 00:04:44 CST 2016]; root of context hierarchy
[INFO][main][2016-12-26 00:04:45][org.springframework.core.io.support.PropertiesLoaderSupport] - Loading properties file from class path resource [jdbc.properties]
[INFO][main][2016-12-26 00:04:45][org.springframework.beans.factory.annotation.AutowiredAnnotationBeanPostProcessor] - JSR-330 'javax.inject.Inject' annotation found and supported for autowiring
[INFO][main][2016-12-26 00:08:33][org.springframework.test.context.support.AbstractTestContextBootstrapper] - Loaded default TestExecutionListener class names from location [META-INF/spring.factories]: [org.springframework.test.context.web.ServletTestExecutionListener, org.springframework.test.context.support.DirtiesContextBeforeModesTestExecutionListener, org.springframework.test.context.support.DependencyInjectionTestExecutionListener, org.springframework.test.context.support.DirtiesContextTestExecutionListener, org.springframework.test.context.transaction.TransactionalTestExecutionListener, org.springframework.test.context.jdbc.SqlScriptsTestExecutionListener]
[INFO][main][2016-12-26 00:08:33][org.springframework.test.context.support.AbstractTestContextBootstrapper] - Using TestExecutionListeners: [org.springframework.test.context.web.ServletTestExecutionListener@2eea6b13, org.springframework.test.context.support.DirtiesContextBeforeModesTestExecutionListener@201bc475, org.springframework.test.context.support.DependencyInjectionTestExecutionListener@7efeedca, org.springframework.test.context.support.DirtiesContextTestExecutionListener@12ada9e9, org.springframework.test.context.transaction.TransactionalTestExecutionListener@476e0993, org.springframework.test.context.jdbc.SqlScriptsTestExecutionListener@936b688]
[INFO][main][2016-12-26 00:08:33][org.springframework.beans.factory.xml.XmlBeanDefinitionReader] - Loading XML bean definitions from file [/Users/jacie/IdeaProjects/web-ssm/target/classes/spring-mvc.xml]
[INFO][main][2016-12-26 00:08:34][org.springframework.beans.factory.xml.XmlBeanDefinitionReader] - Loading XML bean definitions from file [/Users/jacie/IdeaProjects/web-ssm/target/classes/spring-mybatis.xml]
[INFO][main][2016-12-26 00:08:34][org.springframework.context.support.AbstractApplicationContext] - Refreshing org.springframework.context.support.GenericApplicationContext@4b8e1863: startup date [Mon Dec 26 00:08:34 CST 2016]; root of context hierarchy
[INFO][main][2016-12-26 00:08:34][org.springframework.core.io.support.PropertiesLoaderSupport] - Loading properties file from class path resource [jdbc.properties]
[INFO][main][2016-12-26 00:08:34][org.springframework.beans.factory.annotation.AutowiredAnnotationBeanPostProcessor] - JSR-330 'javax.inject.Inject' annotation found and supported for autowiring
[INFO][Thread-0][2016-12-26 00:08:34][org.springframework.context.support.AbstractApplicationContext] - Closing org.springframework.context.support.GenericApplicationContext@4b8e1863: startup date [Mon Dec 26 00:08:34 CST 2016]; root of context hierarchy
[INFO][main][2016-12-26 00:09:23][org.springframework.test.context.support.AbstractTestContextBootstrapper] - Loaded default TestExecutionListener class names from location [META-INF/spring.factories]: [org.springframework.test.context.web.ServletTestExecutionListener, org.springframework.test.context.support.DirtiesContextBeforeModesTestExecutionListener, org.springframework.test.context.support.DependencyInjectionTestExecutionListener, org.springframework.test.context.support.DirtiesContextTestExecutionListener, org.springframework.test.context.transaction.TransactionalTestExecutionListener, org.springframework.test.context.jdbc.SqlScriptsTestExecutionListener]
[INFO][main][2016-12-26 00:09:23][org.springframework.test.context.support.AbstractTestContextBootstrapper] - Using TestExecutionListeners: [org.springframework.test.context.web.ServletTestExecutionListener@28c2e890, org.springframework.test.context.support.DirtiesContextBeforeModesTestExecutionListener@14325ad8, org.springframework.test.context.support.DependencyInjectionTestExecutionListener@75ea2543, org.springframework.test.context.support.DirtiesContextTestExecutionListener@5f348e2f, org.springframework.test.context.transaction.TransactionalTestExecutionListener@7362e07d, org.springframework.test.context.jdbc.SqlScriptsTestExecutionListener@608069b9]
[INFO][main][2016-12-26 00:09:24][org.springframework.beans.factory.xml.XmlBeanDefinitionReader] - Loading XML bean definitions from file [/Users/jacie/IdeaProjects/web-ssm/target/classes/spring-mvc.xml]
[INFO][main][2016-12-26 00:09:24][org.springframework.beans.factory.xml.XmlBeanDefinitionReader] - Loading XML bean definitions from file [/Users/jacie/IdeaProjects/web-ssm/target/classes/spring-mybatis.xml]
[INFO][main][2016-12-26 00:09:24][org.springframework.context.support.AbstractApplicationContext] - Refreshing org.springframework.context.support.GenericApplicationContext@60e86e8a: startup date [Mon Dec 26 00:09:24 CST 2016]; root of context hierarchy
[INFO][main][2016-12-26 00:09:24][org.springframework.core.io.support.PropertiesLoaderSupport] - Loading properties file from class path resource [jdbc.properties]
[INFO][main][2016-12-26 00:09:24][org.springframework.beans.factory.annotation.AutowiredAnnotationBeanPostProcessor] - JSR-330 'javax.inject.Inject' annotation found and supported for autowiring
[INFO][Thread-0][2016-12-26 00:09:25][org.springframework.context.support.AbstractApplicationContext] - Closing org.springframework.context.support.GenericApplicationContext@60e86e8a: startup date [Mon Dec 26 00:09:24 CST 2016]; root of context hierarchy
[INFO][Thread-0][2016-12-26 00:25:36][org.springframework.context.support.AbstractApplicationContext] - Closing org.springframework.context.support.GenericApplicationContext@6d3f6300: startup date [Mon Dec 26 00:04:44 CST 2016]; root of context hierarchy
